<?xml version="1.0" encoding="UTF-8"?>
<testng-results ignored="0" total="8" passed="8" failed="0" skipped="0">
  <reporter-output>
  </reporter-output>
  <suite started-at="2025-01-03T14:40:14 WET" name="Surefire suite" finished-at="2025-01-03T14:41:19 WET" duration-ms="65083">
    <groups>
      <group name="cucumber">
        <method signature="AbstractTestNGCucumberTests.runScenario(io.cucumber.testng.PickleWrapper,io.cucumber.testng.FeatureWrapper)[pri:0, instance:petStore.TestRunner@31c88ec8]" name="runScenario" class="io.cucumber.testng.AbstractTestNGCucumberTests"/>
      </group> <!-- cucumber -->
    </groups>
    <test started-at="2025-01-03T14:40:14 WET" name="Surefire test" finished-at="2025-01-03T14:41:19 WET" duration-ms="65083">
      <class name="petStore.TestRunner">
        <test-method is-config="true" signature="setUpClass(org.testng.ITestContext)[pri:0, instance:petStore.TestRunner@31c88ec8]" started-at="2025-01-03T14:40:14 WET" name="setUpClass" finished-at="2025-01-03T14:40:29 WET" duration-ms="14958" status="PASS">
          <params>
            <param index="0">
              <value>
                <![CDATA[org.testng.TestRunner@662ac478]]>
              </value>
            </param>
          </params>
          <reporter-output>
          </reporter-output>
        </test-method> <!-- setUpClass -->
        <test-method signature="runScenario(io.cucumber.testng.PickleWrapper,io.cucumber.testng.FeatureWrapper)[pri:0, instance:petStore.TestRunner@31c88ec8]" started-at="2025-01-03T14:40:29 WET" name="runScenario" description="Runs Cucumber Scenarios" data-provider="scenarios" finished-at="2025-01-03T14:40:34 WET" duration-ms="4916" status="PASS">
          <params>
            <param index="0">
              <value>
                <![CDATA["Make purchase on the website"]]>
              </value>
            </param>
            <param index="1">
              <value>
                <![CDATA["Pet Store - add product to cart"]]>
              </value>
            </param>
          </params>
          <reporter-output>
          </reporter-output>
        </test-method> <!-- runScenario -->
        <test-method signature="runScenario(io.cucumber.testng.PickleWrapper,io.cucumber.testng.FeatureWrapper)[pri:0, instance:petStore.TestRunner@31c88ec8]" started-at="2025-01-03T14:40:34 WET" name="runScenario" description="Runs Cucumber Scenarios" data-provider="scenarios" finished-at="2025-01-03T14:40:42 WET" duration-ms="8502" status="PASS">
          <params>
            <param index="0">
              <value>
                <![CDATA["Make purchase on the website"]]>
              </value>
            </param>
            <param index="1">
              <value>
                <![CDATA["Pet Store - add product to cart"]]>
              </value>
            </param>
          </params>
          <reporter-output>
          </reporter-output>
        </test-method> <!-- runScenario -->
        <test-method signature="runScenario(io.cucumber.testng.PickleWrapper,io.cucumber.testng.FeatureWrapper)[pri:0, instance:petStore.TestRunner@31c88ec8]" started-at="2025-01-03T14:40:42 WET" name="runScenario" description="Runs Cucumber Scenarios" data-provider="scenarios" finished-at="2025-01-03T14:40:48 WET" duration-ms="5638" status="PASS">
          <params>
            <param index="0">
              <value>
                <![CDATA["Make purchase on the website"]]>
              </value>
            </param>
            <param index="1">
              <value>
                <![CDATA["Pet Store - buyProduct"]]>
              </value>
            </param>
          </params>
          <reporter-output>
          </reporter-output>
        </test-method> <!-- runScenario -->
        <test-method signature="runScenario(io.cucumber.testng.PickleWrapper,io.cucumber.testng.FeatureWrapper)[pri:0, instance:petStore.TestRunner@31c88ec8]" started-at="2025-01-03T14:40:48 WET" name="runScenario" description="Runs Cucumber Scenarios" data-provider="scenarios" finished-at="2025-01-03T14:40:57 WET" duration-ms="9084" status="PASS">
          <params>
            <param index="0">
              <value>
                <![CDATA["Make purchase on the website"]]>
              </value>
            </param>
            <param index="1">
              <value>
                <![CDATA["Pet Store - buyProduct"]]>
              </value>
            </param>
          </params>
          <reporter-output>
          </reporter-output>
        </test-method> <!-- runScenario -->
        <test-method signature="runScenario(io.cucumber.testng.PickleWrapper,io.cucumber.testng.FeatureWrapper)[pri:0, instance:petStore.TestRunner@31c88ec8]" started-at="2025-01-03T14:40:57 WET" name="runScenario" description="Runs Cucumber Scenarios" data-provider="scenarios" finished-at="2025-01-03T14:41:00 WET" duration-ms="3210" status="PASS">
          <params>
            <param index="0">
              <value>
                <![CDATA["User SignUp with valid data"]]>
              </value>
            </param>
            <param index="1">
              <value>
                <![CDATA["Pet Store - UserSignIn"]]>
              </value>
            </param>
          </params>
          <reporter-output>
          </reporter-output>
        </test-method> <!-- runScenario -->
        <test-method signature="runScenario(io.cucumber.testng.PickleWrapper,io.cucumber.testng.FeatureWrapper)[pri:0, instance:petStore.TestRunner@31c88ec8]" started-at="2025-01-03T14:41:00 WET" name="runScenario" description="Runs Cucumber Scenarios" data-provider="scenarios" finished-at="2025-01-03T14:41:07 WET" duration-ms="6851" status="PASS">
          <params>
            <param index="0">
              <value>
                <![CDATA["User SignUp with valid data"]]>
              </value>
            </param>
            <param index="1">
              <value>
                <![CDATA["Pet Store - UserSignIn"]]>
              </value>
            </param>
          </params>
          <reporter-output>
          </reporter-output>
        </test-method> <!-- runScenario -->
        <test-method signature="runScenario(io.cucumber.testng.PickleWrapper,io.cucumber.testng.FeatureWrapper)[pri:0, instance:petStore.TestRunner@31c88ec8]" started-at="2025-01-03T14:41:07 WET" name="runScenario" description="Runs Cucumber Scenarios" data-provider="scenarios" finished-at="2025-01-03T14:41:11 WET" duration-ms="4445" status="PASS">
          <params>
            <param index="0">
              <value>
                <![CDATA["User SignUp with valid data"]]>
              </value>
            </param>
            <param index="1">
              <value>
                <![CDATA["Pet Store - UserSignUp"]]>
              </value>
            </param>
          </params>
          <reporter-output>
          </reporter-output>
        </test-method> <!-- runScenario -->
        <test-method signature="runScenario(io.cucumber.testng.PickleWrapper,io.cucumber.testng.FeatureWrapper)[pri:0, instance:petStore.TestRunner@31c88ec8]" started-at="2025-01-03T14:41:11 WET" name="runScenario" description="Runs Cucumber Scenarios" data-provider="scenarios" finished-at="2025-01-03T14:41:19 WET" duration-ms="7374" status="PASS">
          <params>
            <param index="0">
              <value>
                <![CDATA["User SignUp with valid data"]]>
              </value>
            </param>
            <param index="1">
              <value>
                <![CDATA["Pet Store - UserSignUp"]]>
              </value>
            </param>
          </params>
          <reporter-output>
          </reporter-output>
        </test-method> <!-- runScenario -->
        <test-method is-config="true" signature="tearDownClass()[pri:0, instance:petStore.TestRunner@31c88ec8]" started-at="2025-01-03T14:41:19 WET" name="tearDownClass" finished-at="2025-01-03T14:41:19 WET" duration-ms="55" status="PASS">
          <reporter-output>
          </reporter-output>
        </test-method> <!-- tearDownClass -->
      </class> <!-- petStore.TestRunner -->
    </test> <!-- Surefire test -->
  </suite> <!-- Surefire suite -->
</testng-results>
