<?xml version="1.0" encoding="UTF-8"?>
<testsuite xmlns:xsi="http://www.w3.org/2001/XMLSchema-instance" xsi:noNamespaceSchemaLocation="https://maven.apache.org/surefire/maven-surefire-plugin/xsd/surefire-test-report-3.0.xsd" version="3.0" name="petStore.TestRunner" time="65.465" tests="8" errors="0" skipped="0" failures="0">
  <properties>
[...]
</properties>
  <testcase name="runScenario[&quot;Make purchase on the website&quot;, &quot;Pet Store - add product to cart&quot;](1)" classname="petStore.TestRunner" time="4.918">
    <system-out><![CDATA[
Scenario Outline: Make purchase on the website        &amp#27;[90m# src/test/resources/AddProductToCart.feature:13&amp#27;[0m
  &amp#27;[32mGiven &amp#27;[0m&amp#27;[32mI have Selenium using &amp#27;[0m&amp#27;[32m&amp#27;[1m"chrome"&amp#27;[0m&amp#27;[32m to add product&amp#27;[0m &amp#27;[90m# petStore.steps.AddProductSteps.i_have_selenium_using_to_add_product(java.lang.String)&amp#27;[0m
  &amp#27;[32mAnd &amp#27;[0m&amp#27;[32mI am login into the website&amp#27;[0m                     &amp#27;[90m# petStore.steps.AddProductSteps.i_am_login_into_the_website()&amp#27;[0m
  &amp#27;[32mAnd &amp#27;[0m&amp#27;[32mI research my product&amp#27;[0m                           &amp#27;[90m# petStore.steps.AddProductSteps.i_research_my_product()&amp#27;[0m
  &amp#27;[32mAnd &amp#27;[0m&amp#27;[32mI add a product to my Cart&amp#27;[0m                      &amp#27;[90m# petStore.steps.AddProductSteps.I_add_a_product_to_my_Cart()&amp#27;[0m
  &amp#27;[32mThen &amp#27;[0m&amp#27;[32mI should have the product in my cart&amp#27;[0m           &amp#27;[90m# petStore.steps.AddProductSteps.I_should_have_the_product_in_my_cart()&amp#27;[0m
]]></system-out>
    <system-err><![CDATA[SLF4J: Failed to load class "org.slf4j.impl.StaticLoggerBinder".
SLF4J: Defaulting to no-operation (NOP) logger implementation
SLF4J: See http://www.slf4j.org/codes.html#StaticLoggerBinder for further details.
jan. 03, 2025 2:40:16 DA TARDE org.openqa.selenium.devtools.CdpVersionFinder findNearestMatch
WARNING: Unable to find CDP implementation matching 131
jan. 03, 2025 2:40:16 DA TARDE org.openqa.selenium.chromium.ChromiumDriver lambda$new$5
WARNING: Unable to find version of CDP to use for 131.0.6778.205. You may need to include a dependency on a specific version of the CDP using something similar to `org.seleniumhq.selenium:selenium-devtools-v86:4.16.1` where the version ("v86") matches the version of the chromium-based browser you're using and the version number of the artifact is the same as Selenium's.
jan. 03, 2025 2:40:21 DA TARDE org.openqa.selenium.devtools.CdpVersionFinder findNearestMatch
WARNING: Unable to find CDP implementation matching 131
jan. 03, 2025 2:40:21 DA TARDE org.openqa.selenium.chromium.ChromiumDriver lambda$new$5
WARNING: Unable to find version of CDP to use for 131.0.6778.205. You may need to include a dependency on a specific version of the CDP using something similar to `org.seleniumhq.selenium:selenium-devtools-v86:4.16.1` where the version ("v86") matches the version of the chromium-based browser you're using and the version number of the artifact is the same as Selenium's.
jan. 03, 2025 2:40:25 DA TARDE org.openqa.selenium.devtools.CdpVersionFinder findNearestMatch
WARNING: Unable to find CDP implementation matching 131
jan. 03, 2025 2:40:25 DA TARDE org.openqa.selenium.chromium.ChromiumDriver lambda$new$5
WARNING: Unable to find version of CDP to use for 131.0.6778.205. You may need to include a dependency on a specific version of the CDP using something similar to `org.seleniumhq.selenium:selenium-devtools-v86:4.16.1` where the version ("v86") matches the version of the chromium-based browser you're using and the version number of the artifact is the same as Selenium's.
jan. 03, 2025 2:40:30 DA TARDE org.openqa.selenium.devtools.CdpVersionFinder findNearestMatch
WARNING: Unable to find CDP implementation matching 131
jan. 03, 2025 2:40:30 DA TARDE org.openqa.selenium.chromium.ChromiumDriver lambda$new$5
WARNING: Unable to find version of CDP to use for 131.0.6778.205. You may need to include a dependency on a specific version of the CDP using something similar to `org.seleniumhq.selenium:selenium-devtools-v86:4.16.1` where the version ("v86") matches the version of the chromium-based browser you're using and the version number of the artifact is the same as Selenium's.
]]></system-err>
  </testcase>
  <testcase name="runScenario[&quot;Make purchase on the website&quot;, &quot;Pet Store - add product to cart&quot;](2)" classname="petStore.TestRunner" time="8.502">
    <system-out><![CDATA[
Scenario Outline: Make purchase on the website         &amp#27;[90m# src/test/resources/AddProductToCart.feature:14&amp#27;[0m
  &amp#27;[32mGiven &amp#27;[0m&amp#27;[32mI have Selenium using &amp#27;[0m&amp#27;[32m&amp#27;[1m"firefox"&amp#27;[0m&amp#27;[32m to add product&amp#27;[0m &amp#27;[90m# petStore.steps.AddProductSteps.i_have_selenium_using_to_add_product(java.lang.String)&amp#27;[0m
  &amp#27;[32mAnd &amp#27;[0m&amp#27;[32mI am login into the website&amp#27;[0m                      &amp#27;[90m# petStore.steps.AddProductSteps.i_am_login_into_the_website()&amp#27;[0m
  &amp#27;[32mAnd &amp#27;[0m&amp#27;[32mI research my product&amp#27;[0m                            &amp#27;[90m# petStore.steps.AddProductSteps.i_research_my_product()&amp#27;[0m
  &amp#27;[32mAnd &amp#27;[0m&amp#27;[32mI add a product to my Cart&amp#27;[0m                       &amp#27;[90m# petStore.steps.AddProductSteps.I_add_a_product_to_my_Cart()&amp#27;[0m
  &amp#27;[32mThen &amp#27;[0m&amp#27;[32mI should have the product in my cart&amp#27;[0m            &amp#27;[90m# petStore.steps.AddProductSteps.I_should_have_the_product_in_my_cart()&amp#27;[0m
]]></system-out>
  </testcase>
  <testcase name="runScenario[&quot;Make purchase on the website&quot;, &quot;Pet Store - buyProduct&quot;](3)" classname="petStore.TestRunner" time="5.637">
    <system-out><![CDATA[
Scenario Outline: Make purchase on the website        &amp#27;[90m# src/test/resources/BuyProduct.feature:12&amp#27;[0m
  &amp#27;[32mGiven &amp#27;[0m&amp#27;[32mI have Selenium using &amp#27;[0m&amp#27;[32m&amp#27;[1m"chrome"&amp#27;[0m&amp#27;[32m to buy product&amp#27;[0m &amp#27;[90m# petStore.steps.BuyProductSteps.i_have_selenium_using_to_buy_product(java.lang.String)&amp#27;[0m
  &amp#27;[32mAnd &amp#27;[0m&amp#27;[32mI am login in&amp#27;[0m                                   &amp#27;[90m# petStore.steps.BuyProductSteps.i_am_login_in()&amp#27;[0m
  &amp#27;[32mAnd &amp#27;[0m&amp#27;[32mI buy a product&amp#27;[0m                                 &amp#27;[90m# petStore.steps.BuyProductSteps.i_buy_a_product()&amp#27;[0m
  &amp#27;[32mThen &amp#27;[0m&amp#27;[32mI should see an order confirmation&amp#27;[0m             &amp#27;[90m# petStore.steps.BuyProductSteps.i_should_see_an_order_confirmation()&amp#27;[0m
]]></system-out>
    <system-err><![CDATA[jan. 03, 2025 2:40:43 DA TARDE org.openqa.selenium.devtools.CdpVersionFinder findNearestMatch
WARNING: Unable to find CDP implementation matching 131
jan. 03, 2025 2:40:43 DA TARDE org.openqa.selenium.chromium.ChromiumDriver lambda$new$5
WARNING: Unable to find version of CDP to use for 131.0.6778.205. You may need to include a dependency on a specific version of the CDP using something similar to `org.seleniumhq.selenium:selenium-devtools-v86:4.16.1` where the version ("v86") matches the version of the chromium-based browser you're using and the version number of the artifact is the same as Selenium's.
]]></system-err>
  </testcase>
  <testcase name="runScenario[&quot;Make purchase on the website&quot;, &quot;Pet Store - buyProduct&quot;](4)" classname="petStore.TestRunner" time="9.085">
    <system-out><![CDATA[
Scenario Outline: Make purchase on the website         &amp#27;[90m# src/test/resources/BuyProduct.feature:13&amp#27;[0m
  &amp#27;[32mGiven &amp#27;[0m&amp#27;[32mI have Selenium using &amp#27;[0m&amp#27;[32m&amp#27;[1m"firefox"&amp#27;[0m&amp#27;[32m to buy product&amp#27;[0m &amp#27;[90m# petStore.steps.BuyProductSteps.i_have_selenium_using_to_buy_product(java.lang.String)&amp#27;[0m
  &amp#27;[32mAnd &amp#27;[0m&amp#27;[32mI am login in&amp#27;[0m                                    &amp#27;[90m# petStore.steps.BuyProductSteps.i_am_login_in()&amp#27;[0m
  &amp#27;[32mAnd &amp#27;[0m&amp#27;[32mI buy a product&amp#27;[0m                                  &amp#27;[90m# petStore.steps.BuyProductSteps.i_buy_a_product()&amp#27;[0m
  &amp#27;[32mThen &amp#27;[0m&amp#27;[32mI should see an order confirmation&amp#27;[0m              &amp#27;[90m# petStore.steps.BuyProductSteps.i_should_see_an_order_confirmation()&amp#27;[0m
]]></system-out>
  </testcase>
  <testcase name="runScenario[&quot;User SignUp with valid data&quot;, &quot;Pet Store - UserSignIn&quot;](5)" classname="petStore.TestRunner" time="3.21">
    <system-out><![CDATA[
Scenario Outline: User SignUp with valid data    &amp#27;[90m# src/test/resources/UserSignIn.feature:13&amp#27;[0m
  &amp#27;[32mGiven &amp#27;[0m&amp#27;[32mI have Selenium using &amp#27;[0m&amp#27;[32m&amp#27;[1m"chrome"&amp#27;[0m&amp#27;[32m for login&amp#27;[0m &amp#27;[90m# petStore.steps.UserSignInSteps.i_have_selenium_using_for_login(java.lang.String)&amp#27;[0m
  &amp#27;[32mGiven &amp#27;[0m&amp#27;[32mI am at the Pet Store Login page&amp#27;[0m         &amp#27;[90m# petStore.steps.UserSignInSteps.i_am_at_the_pet_store_login_page()&amp#27;[0m
  &amp#27;[32mWhen &amp#27;[0m&amp#27;[32mI enter a valid username and password&amp#27;[0m     &amp#27;[90m# petStore.steps.UserSignInSteps.i_enter_a_valid_username_and_password()&amp#27;[0m
  &amp#27;[32mAnd &amp#27;[0m&amp#27;[32mI click on the Login button&amp#27;[0m                &amp#27;[90m# petStore.steps.UserSignInSteps.i_click_on_the_login_button()&amp#27;[0m
  &amp#27;[32mThen &amp#27;[0m&amp#27;[32mI should be redirected to the home page&amp#27;[0m   &amp#27;[90m# petStore.steps.UserSignInSteps.i_should_be_redirected_to_the_home_page()&amp#27;[0m
]]></system-out>
    <system-err><![CDATA[jan. 03, 2025 2:40:58 DA TARDE org.openqa.selenium.devtools.CdpVersionFinder findNearestMatch
WARNING: Unable to find CDP implementation matching 131
jan. 03, 2025 2:40:58 DA TARDE org.openqa.selenium.chromium.ChromiumDriver lambda$new$5
WARNING: Unable to find version of CDP to use for 131.0.6778.205. You may need to include a dependency on a specific version of the CDP using something similar to `org.seleniumhq.selenium:selenium-devtools-v86:4.16.1` where the version ("v86") matches the version of the chromium-based browser you're using and the version number of the artifact is the same as Selenium's.
]]></system-err>
  </testcase>
  <testcase name="runScenario[&quot;User SignUp with valid data&quot;, &quot;Pet Store - UserSignIn&quot;](6)" classname="petStore.TestRunner" time="6.854">
    <system-out><![CDATA[
Scenario Outline: User SignUp with valid data     &amp#27;[90m# src/test/resources/UserSignIn.feature:14&amp#27;[0m
  &amp#27;[32mGiven &amp#27;[0m&amp#27;[32mI have Selenium using &amp#27;[0m&amp#27;[32m&amp#27;[1m"firefox"&amp#27;[0m&amp#27;[32m for login&amp#27;[0m &amp#27;[90m# petStore.steps.UserSignInSteps.i_have_selenium_using_for_login(java.lang.String)&amp#27;[0m
  &amp#27;[32mGiven &amp#27;[0m&amp#27;[32mI am at the Pet Store Login page&amp#27;[0m          &amp#27;[90m# petStore.steps.UserSignInSteps.i_am_at_the_pet_store_login_page()&amp#27;[0m
  &amp#27;[32mWhen &amp#27;[0m&amp#27;[32mI enter a valid username and password&amp#27;[0m      &amp#27;[90m# petStore.steps.UserSignInSteps.i_enter_a_valid_username_and_password()&amp#27;[0m
  &amp#27;[32mAnd &amp#27;[0m&amp#27;[32mI click on the Login button&amp#27;[0m                 &amp#27;[90m# petStore.steps.UserSignInSteps.i_click_on_the_login_button()&amp#27;[0m
  &amp#27;[32mThen &amp#27;[0m&amp#27;[32mI should be redirected to the home page&amp#27;[0m    &amp#27;[90m# petStore.steps.UserSignInSteps.i_should_be_redirected_to_the_home_page()&amp#27;[0m
]]></system-out>
  </testcase>
  <testcase name="runScenario[&quot;User SignUp with valid data&quot;, &quot;Pet Store - UserSignUp&quot;](7)" classname="petStore.TestRunner" time="4.442">
    <system-out><![CDATA[
Scenario Outline: User SignUp with valid data                &amp#27;[90m# src/test/resources/UserSignUp.feature:13&amp#27;[0m
  &amp#27;[32mGiven &amp#27;[0m&amp#27;[32mI have Selenium using &amp#27;[0m&amp#27;[32m&amp#27;[1m"chrome"&amp#27;[0m                       &amp#27;[90m# petStore.steps.UserSignUpSteps.i_have_selenium_using(java.lang.String)&amp#27;[0m
  &amp#27;[32mGiven &amp#27;[0m&amp#27;[32mI am at the Pet Store Register page&amp#27;[0m                  &amp#27;[90m# petStore.steps.UserSignUpSteps.i_am_at_the_pet_store_register_page()&amp#27;[0m
  &amp#27;[32mWhen &amp#27;[0m&amp#27;[32mI enter valid user and account information&amp#27;[0m            &amp#27;[90m# petStore.steps.UserSignUpSteps.i_enter_valid_user_and_account_information()&amp#27;[0m
  &amp#27;[32mAnd &amp#27;[0m&amp#27;[32mI click on Save Account&amp#27;[0m                                &amp#27;[90m# petStore.steps.UserSignUpSteps.i_click_on_save_account()&amp#27;[0m
  &amp#27;[32mThen &amp#27;[0m&amp#27;[32mI should be redirected from Register to the home page&amp#27;[0m &amp#27;[90m# petStore.steps.UserSignUpSteps.i_should_be_redirected_from_register_to_the_home_page()&amp#27;[0m
]]></system-out>
    <system-err><![CDATA[jan. 03, 2025 2:41:08 DA TARDE org.openqa.selenium.devtools.CdpVersionFinder findNearestMatch
WARNING: Unable to find CDP implementation matching 131
jan. 03, 2025 2:41:08 DA TARDE org.openqa.selenium.chromium.ChromiumDriver lambda$new$5
WARNING: Unable to find version of CDP to use for 131.0.6778.205. You may need to include a dependency on a specific version of the CDP using something similar to `org.seleniumhq.selenium:selenium-devtools-v86:4.16.1` where the version ("v86") matches the version of the chromium-based browser you're using and the version number of the artifact is the same as Selenium's.
]]></system-err>
  </testcase>
  <testcase name="runScenario[&quot;User SignUp with valid data&quot;, &quot;Pet Store - UserSignUp&quot;](8)" classname="petStore.TestRunner" time="7.375">
    <system-out><![CDATA[
Scenario Outline: User SignUp with valid data                &amp#27;[90m# src/test/resources/UserSignUp.feature:14&amp#27;[0m
  &amp#27;[32mGiven &amp#27;[0m&amp#27;[32mI have Selenium using &amp#27;[0m&amp#27;[32m&amp#27;[1m"firefox"&amp#27;[0m                      &amp#27;[90m# petStore.steps.UserSignUpSteps.i_have_selenium_using(java.lang.String)&amp#27;[0m
  &amp#27;[32mGiven &amp#27;[0m&amp#27;[32mI am at the Pet Store Register page&amp#27;[0m                  &amp#27;[90m# petStore.steps.UserSignUpSteps.i_am_at_the_pet_store_register_page()&amp#27;[0m
  &amp#27;[32mWhen &amp#27;[0m&amp#27;[32mI enter valid user and account information&amp#27;[0m            &amp#27;[90m# petStore.steps.UserSignUpSteps.i_enter_valid_user_and_account_information()&amp#27;[0m
  &amp#27;[32mAnd &amp#27;[0m&amp#27;[32mI click on Save Account&amp#27;[0m                                &amp#27;[90m# petStore.steps.UserSignUpSteps.i_click_on_save_account()&amp#27;[0m
  &amp#27;[32mThen &amp#27;[0m&amp#27;[32mI should be redirected from Register to the home page&amp#27;[0m &amp#27;[90m# petStore.steps.UserSignUpSteps.i_should_be_redirected_from_register_to_the_home_page()&amp#27;[0m
]]></system-out>
  </testcase>
</testsuite>